app/build/intermediates/manifest_merge_blame_file/release/manifest-merger-blame-release-report.txt
1<?xml version="1.0" encoding="utf-8"?>
2<manifest xmlns:android="http://schemas.android.com/apk/res/android"
3    package="com.example.shoppinglist"
4    android:versionCode="1"
5    android:versionName="1.0" >
6
7    <uses-sdk
8        android:minSdkVersion="26"
9        android:targetSdkVersion="30" />
10
11    <application
11-->src\main\AndroidManifest.xml:5:5-41:19
12        android:allowBackup="true"
12-->src\main\AndroidManifest.xml:6:9-35
13        android:appComponentFactory="androidx.core.app.CoreComponentFactory"
13-->[androidx.core:core:1.5.0] AndroidManifest.xml:24:18-86
14        android:extractNativeLibs="false"
15        android:icon="@mipmap/ic_launcher"
15-->src\main\AndroidManifest.xml:7:9-43
16        android:label="@string/app_name"
16-->src\main\AndroidManifest.xml:8:9-41
17        android:roundIcon="@mipmap/ic_launcher_round"
17-->src\main\AndroidManifest.xml:9:9-54
18        android:supportsRtl="true"
18-->src\main\AndroidManifest.xml:10:9-35
19        android:theme="@style/Theme.ShoppingList" >
19-->src\main\AndroidManifest.xml:11:9-50
20        <activity
20-->src\main\AndroidManifest.xml:12:9-14:39
21            android:name="com.example.shoppinglist.EditActivity"
21-->src\main\AndroidManifest.xml:13:13-41
22            android:exported="true" />
22-->src\main\AndroidManifest.xml:14:13-36
23        <activity
23-->src\main\AndroidManifest.xml:15:9-18:47
24            android:name="com.example.shoppinglist.AddItemActivity"
24-->src\main\AndroidManifest.xml:16:13-44
25            android:exported="true"
25-->src\main\AndroidManifest.xml:17:13-36
26            android:launchMode="singleTask" />
26-->src\main\AndroidManifest.xml:18:13-44
27        <activity
27-->src\main\AndroidManifest.xml:19:9-22:47
28            android:name="com.example.shoppinglist.BoughtActivity"
28-->src\main\AndroidManifest.xml:20:13-43
29            android:exported="true"
29-->src\main\AndroidManifest.xml:21:13-36
30            android:launchMode="singleTask" />
30-->src\main\AndroidManifest.xml:22:13-44
31        <activity
31-->src\main\AndroidManifest.xml:23:9-26:47
32            android:name="com.example.shoppinglist.UrgentActivity"
32-->src\main\AndroidManifest.xml:24:13-43
33            android:exported="true"
33-->src\main\AndroidManifest.xml:25:13-36
34            android:launchMode="singleTask" />
34-->src\main\AndroidManifest.xml:26:13-44
35        <activity
35-->src\main\AndroidManifest.xml:27:9-30:47
36            android:name="com.example.shoppinglist.DisplayItemActivity"
36-->src\main\AndroidManifest.xml:28:13-48
37            android:exported="true"
37-->src\main\AndroidManifest.xml:29:13-36
38            android:launchMode="singleTask" />
38-->src\main\AndroidManifest.xml:30:13-44
39        <activity
39-->src\main\AndroidManifest.xml:31:9-40:20
40            android:name="com.example.shoppinglist.MainActivity"
40-->src\main\AndroidManifest.xml:32:13-41
41            android:exported="true"
41-->src\main\AndroidManifest.xml:33:13-36
42            android:launchMode="singleTask" >
42-->src\main\AndroidManifest.xml:34:13-44
43            <intent-filter>
43-->src\main\AndroidManifest.xml:35:13-39:29
44                <action android:name="android.intent.action.MAIN" />
44-->src\main\AndroidManifest.xml:36:17-69
44-->src\main\AndroidManifest.xml:36:25-66
45
46                <category android:name="android.intent.category.LAUNCHER" />
46-->src\main\AndroidManifest.xml:38:17-77
46-->src\main\AndroidManifest.xml:38:27-74
47            </intent-filter>
48        </activity>
49    </application>
50
51</manifest>